2021-01-06 18:19:04,005 alispeech-WARNING  _on_error:123 retry start: sequence item 1: expected str instance, dict found
2021-01-06 18:19:15,026 alispeech-WARNING  _on_error:123 retry start: sequence item 1: expected str instance, dict found
2021-01-06 18:19:25,965 alispeech-ERROR  _on_error:115 sequence item 1: expected str instance, dict found
2021-01-06 18:19:25,971 alispeech-ERROR  start:154 start failed, status: 6
2021-01-06 18:19:59,149 alispeech-WARNING  _on_error:123 retry start: sequence item 1: expected str instance, dict found
2021-01-06 18:20:10,489 alispeech-WARNING  _on_error:123 retry start: sequence item 1: expected str instance, dict found
2021-01-06 18:20:21,677 alispeech-ERROR  _on_error:115 sequence item 1: expected str instance, dict found
2021-01-06 18:20:21,679 alispeech-ERROR  start:154 start failed, status: 6
2021-01-06 18:21:01,047 alispeech-WARNING  _on_error:123 retry start: sequence item 1: expected str instance, dict found
2021-01-06 18:21:12,264 alispeech-WARNING  _on_error:123 retry start: sequence item 1: expected str instance, dict found
2021-01-06 18:21:23,349 alispeech-ERROR  _on_error:115 sequence item 1: expected str instance, dict found
2021-01-06 18:21:23,352 alispeech-ERROR  start:154 start failed, status: 6
2021-01-06 18:25:55,339 alispeech-INFO  _on_open:77 sending start cmd: {"header": {"namespace": "SpeechTranscriber", "appkey": "B58u85dnZs5cirr1", "name": "StartTranscription", "message_id": "8f42eaac500911eb95bbacde48001122", "task_id": "8f42ef7a500911eb95bbacde48001122"}, "context": {"sdk": {"name": "nls-sdk-python", "version": "2.0.1"}}, "payload": {"format": "pcm", "sample_rate": 16000, "enable_intermediate_result": false, "enable_punctuation_prediction": true, "enable_inverse_text_normalization": true}}
2021-01-06 18:27:06,676 alispeech-INFO  _on_open:77 sending start cmd: {"header": {"namespace": "SpeechTranscriber", "appkey": "B58u85dnZs5cirr1", "name": "StartTranscription", "message_id": "b9c80d48500911eb8569acde48001122", "task_id": "b9c810d6500911eb8569acde48001122"}, "context": {"sdk": {"name": "nls-sdk-python", "version": "2.0.1"}}, "payload": {"format": "pcm", "sample_rate": 16000, "enable_intermediate_result": false, "enable_punctuation_prediction": true, "enable_inverse_text_normalization": true}}
2021-01-06 18:27:10,229 alispeech-INFO  stop:187 sending stop cmd: {"header": {"namespace": "SpeechTranscriber", "appkey": "B58u85dnZs5cirr1", "name": "StopTranscription", "message_id": "bbe643a6500911eb8569acde48001122", "task_id": "b9c810d6500911eb8569acde48001122"}}
2021-01-06 18:27:25,806 alispeech-INFO  _on_open:77 sending start cmd: {"header": {"namespace": "SpeechTranscriber", "appkey": "B58u85dnZs5cirr1", "name": "StartTranscription", "message_id": "c52f1c4e500911eb9b4bacde48001122", "task_id": "c52f1ed8500911eb9b4bacde48001122"}, "context": {"sdk": {"name": "nls-sdk-python", "version": "2.0.1"}}, "payload": {"format": "pcm", "sample_rate": 16000, "enable_intermediate_result": false, "enable_punctuation_prediction": true, "enable_inverse_text_normalization": true}}
2021-01-06 18:27:29,395 alispeech-INFO  stop:187 sending stop cmd: {"header": {"namespace": "SpeechTranscriber", "appkey": "B58u85dnZs5cirr1", "name": "StopTranscription", "message_id": "c752e6a4500911eb9b4bacde48001122", "task_id": "c52f1ed8500911eb9b4bacde48001122"}}
2021-01-06 18:28:02,508 alispeech-INFO  _on_open:77 sending start cmd: {"header": {"namespace": "SpeechTranscriber", "appkey": "B58u85dnZs5cirr1", "name": "StartTranscription", "message_id": "db0f70b8500911eb892bacde48001122", "task_id": "db0f7374500911eb892bacde48001122"}, "context": {"sdk": {"name": "nls-sdk-python", "version": "2.0.1"}}, "payload": {"format": "pcm", "sample_rate": 16000, "enable_intermediate_result": false, "enable_punctuation_prediction": true, "enable_inverse_text_normalization": true}}
2021-01-06 18:28:06,059 alispeech-INFO  stop:187 sending stop cmd: {"header": {"namespace": "SpeechTranscriber", "appkey": "B58u85dnZs5cirr1", "name": "StopTranscription", "message_id": "dd2d5752500911eb892bacde48001122", "task_id": "db0f7374500911eb892bacde48001122"}}
2021-01-06 18:29:11,925 alispeech-INFO  _on_open:77 sending start cmd: {"header": {"namespace": "SpeechTranscriber", "appkey": "B58u85dnZs5cirr1", "name": "StartTranscription", "message_id": "046fac8e500a11ebb902acde48001122", "task_id": "046faf0e500a11ebb902acde48001122"}, "context": {"sdk": {"name": "nls-sdk-python", "version": "2.0.1"}}, "payload": {"format": "pcm", "sample_rate": 16000, "enable_intermediate_result": false, "enable_punctuation_prediction": true, "enable_inverse_text_normalization": true}}
2021-01-06 18:29:37,341 alispeech-ERROR  _on_message:104 {'header': {'namespace': 'Default', 'name': 'TaskFailed', 'status': 41040201, 'message_id': 'ae93e8a7b02c438b8ea43f4a4a1cb33f', 'task_id': '046faf0e500a11ebb902acde48001122', 'status_text': 'Realtime:GET_CLINET_DATA_TIMEOUT:Client data does not send continuously!'}}
2021-01-06 18:29:41,574 alispeech-ERROR  send:170 should not send data in state 6
2021-01-06 18:29:41,575 alispeech-ERROR  stop:202 should not stop in state 6
2021-01-06 18:38:24,710 alispeech-INFO  _on_open:77 sending start cmd: {"header": {"namespace": "SpeechTranscriber", "appkey": "B58u85dnZs5cirr1", "name": "StartTranscription", "message_id": "4debe1b0500b11eba0ceacde48001122", "task_id": "4debe4a8500b11eba0ceacde48001122"}, "context": {"sdk": {"name": "nls-sdk-python", "version": "2.0.1"}}, "payload": {"format": "pcm", "sample_rate": 16000, "enable_intermediate_result": false, "enable_punctuation_prediction": true, "enable_inverse_text_normalization": true}}
2021-01-06 18:38:44,591 alispeech-ERROR  _on_message:104 {'header': {'namespace': 'Default', 'name': 'TaskFailed', 'status': 41040201, 'message_id': 'b098d7deb027476591f79d6003fd5773', 'task_id': '4debe4a8500b11eba0ceacde48001122', 'status_text': 'Realtime:GET_CLINET_DATA_TIMEOUT:Client data does not send continuously!'}}
2021-01-06 18:39:01,963 alispeech-ERROR  send:170 should not send data in state 6
2021-01-06 18:39:01,963 alispeech-ERROR  stop:202 should not stop in state 6
2021-01-06 18:39:23,436 alispeech-ERROR  _on_error:115 ping/pong timed out
2021-01-06 18:39:33,533 alispeech-INFO  _on_open:77 sending start cmd: {"header": {"namespace": "SpeechTranscriber", "appkey": "B58u85dnZs5cirr1", "name": "StartTranscription", "message_id": "76f183e4500b11eb96d0acde48001122", "task_id": "76f18740500b11eb96d0acde48001122"}, "context": {"sdk": {"name": "nls-sdk-python", "version": "2.0.1"}}, "payload": {"format": "pcm", "sample_rate": 16000, "enable_intermediate_result": false, "enable_punctuation_prediction": true, "enable_inverse_text_normalization": true}}
2021-01-06 18:40:31,047 alispeech-ERROR  _on_message:104 {'header': {'namespace': 'Default', 'name': 'TaskFailed', 'status': 41040201, 'message_id': '875010e8da414f98a6d1cf0174a125a4', 'task_id': '76f18740500b11eb96d0acde48001122', 'status_text': 'Realtime:GET_CLINET_DATA_TIMEOUT:Client data does not send continuously!'}}
2021-01-06 18:40:38,263 alispeech-ERROR  _on_error:115 ping/pong timed out
2021-01-06 18:40:38,263 alispeech-ERROR  send:170 should not send data in state 6
2021-01-06 18:44:36,252 alispeech-INFO  _on_open:77 sending start cmd: {"header": {"namespace": "SpeechTranscriber", "appkey": "B58u85dnZs5cirr1", "name": "StartTranscription", "message_id": "2b60b23c500c11ebbb25acde48001122", "task_id": "2b60b520500c11ebbb25acde48001122"}, "context": {"sdk": {"name": "nls-sdk-python", "version": "2.0.1"}}, "payload": {"format": "pcm", "sample_rate": 16000, "enable_intermediate_result": false, "enable_punctuation_prediction": true, "enable_inverse_text_normalization": true}}
2021-01-06 18:47:06,570 alispeech-ERROR  _on_message:104 {'header': {'namespace': 'Default', 'name': 'TaskFailed', 'status': 41040201, 'message_id': '0b30b168e82141b7875067b740d5183a', 'task_id': '2b60b520500c11ebbb25acde48001122', 'status_text': 'Realtime:GET_CLINET_DATA_TIMEOUT:Client data does not send continuously!'}}
2021-01-06 18:47:31,085 alispeech-ERROR  _on_error:115 ping/pong timed out
2021-01-06 18:47:34,497 alispeech-ERROR  send:170 should not send data in state 6
2021-01-06 18:47:34,498 alispeech-ERROR  stop:202 should not stop in state 6
2021-01-06 18:48:25,356 alispeech-INFO  _on_open:77 sending start cmd: {"header": {"namespace": "SpeechTranscriber", "appkey": "B58u85dnZs5cirr1", "name": "StartTranscription", "message_id": "b3ef42e4500c11eb8671acde48001122", "task_id": "b3ef4564500c11eb8671acde48001122"}, "context": {"sdk": {"name": "nls-sdk-python", "version": "2.0.1"}}, "payload": {"format": "pcm", "sample_rate": 16000, "enable_intermediate_result": false, "enable_punctuation_prediction": true, "enable_inverse_text_normalization": true}}
2021-01-06 18:48:33,653 alispeech-ERROR  _on_error:115 ping/pong timed out
2021-01-06 18:48:40,746 alispeech-ERROR  start:154 start failed, status: 6
2021-01-06 18:49:00,574 alispeech-INFO  _on_open:77 sending start cmd: {"header": {"namespace": "SpeechTranscriber", "appkey": "B58u85dnZs5cirr1", "name": "StartTranscription", "message_id": "c8ed1db0500c11ebbf7aacde48001122", "task_id": "c8ed2058500c11ebbf7aacde48001122"}, "context": {"sdk": {"name": "nls-sdk-python", "version": "2.0.1"}}, "payload": {"format": "pcm", "sample_rate": 16000, "enable_intermediate_result": false, "enable_punctuation_prediction": true, "enable_inverse_text_normalization": true}}
2021-01-06 18:50:45,833 alispeech-INFO  _on_open:77 sending start cmd: {"header": {"namespace": "SpeechTranscriber", "appkey": "B58u85dnZs5cirr1", "name": "StartTranscription", "message_id": "07aa4320500d11eba377acde48001122", "task_id": "07aa45aa500d11eba377acde48001122"}, "context": {"sdk": {"name": "nls-sdk-python", "version": "2.0.1"}}, "payload": {"format": "pcm", "sample_rate": 8000, "enable_intermediate_result": false, "enable_punctuation_prediction": true, "enable_inverse_text_normalization": true}}
2021-01-06 18:51:20,380 alispeech-ERROR  _on_error:115 ping/pong timed out
2021-01-06 18:51:47,980 alispeech-INFO  _on_open:77 sending start cmd: {"header": {"namespace": "SpeechTranscriber", "appkey": "B58u85dnZs5cirr1", "name": "StartTranscription", "message_id": "2cb52216500d11eb8ec1acde48001122", "task_id": "2cb524d2500d11eb8ec1acde48001122"}, "context": {"sdk": {"name": "nls-sdk-python", "version": "2.0.1"}}, "payload": {"format": "pcm", "sample_rate": 8000, "enable_intermediate_result": false, "enable_punctuation_prediction": true, "enable_inverse_text_normalization": true}}
2021-01-06 18:52:33,575 alispeech-INFO  stop:187 sending stop cmd: {"header": {"namespace": "SpeechTranscriber", "appkey": "B58u85dnZs5cirr1", "name": "StopTranscription", "message_id": "47e27480500d11eb8ec1acde48001122", "task_id": "2cb524d2500d11eb8ec1acde48001122"}}
2021-01-08 14:52:16,664 alispeech-INFO  _on_open:77 sending start cmd: {"header": {"namespace": "SpeechTranscriber", "appkey": "B58u85dnZs5cirr1", "name": "StartTranscription", "message_id": "0b8fdd84517e11eb8b04acde48001122", "task_id": "0b8fe068517e11eb8b04acde48001122"}, "context": {"sdk": {"name": "nls-sdk-python", "version": "2.0.1"}}, "payload": {"format": "pcm", "sample_rate": 8000, "enable_intermediate_result": false, "enable_punctuation_prediction": true, "enable_inverse_text_normalization": true}}
2021-01-08 14:54:40,704 alispeech-INFO  _on_open:77 sending start cmd: {"header": {"namespace": "SpeechTranscriber", "appkey": "B58u85dnZs5cirr1", "name": "StartTranscription", "message_id": "616aa20c517e11eb961dacde48001122", "task_id": "616aa59a517e11eb961dacde48001122"}, "context": {"sdk": {"name": "nls-sdk-python", "version": "2.0.1"}}, "payload": {"format": "pcm", "sample_rate": 8000, "enable_intermediate_result": false, "enable_punctuation_prediction": true, "enable_inverse_text_normalization": true}}
